<?xml version="1.0" encoding="UTF-8"?>
<!-- Generated by org.testng.reporters.JUnitReportReporter -->
<testsuite hostname="apples-MacBook-Pro.local" failures="0" tests="1" name="anithlearning.appium.MisscellanousAppiumActions" time="15.573" errors="0" timestamp="2023-08-08T22:16:58 IST" skipped="0">
  <testcase classname="anithlearning.appium.MisscellanousAppiumActions" name="MisscellanousAppiumActionstest" time="15.573"/>
</testsuite> <!-- anithlearning.appium.MisscellanousAppiumActions -->
