<?xml version="1.0" encoding="UTF-8"?>
<!-- Generated by org.testng.reporters.JUnitReportReporter -->
<testsuite hostname="apples-MacBook-Pro.local" failures="0" tests="1" name="anithlearning.appium.iOSBasics" time="9.346" errors="0" timestamp="2023-08-22T12:00:52 IST" skipped="0">
  <testcase classname="anithlearning.appium.iOSBasics" name="iOSBasicsTest" time="9.346"/>
</testsuite> <!-- anithlearning.appium.iOSBasics -->
