<?xml version="1.0" encoding="UTF-8"?>
<!-- Generated by org.testng.reporters.JUnitReportReporter -->
<testsuite hostname="apples-MacBook-Pro.local" failures="0" tests="1" name="anithlearning.appium.GeneralStoreTestcase4_hybrid" time="41.173" errors="0" timestamp="2023-08-20T22:58:21 IST" skipped="0">
  <testcase classname="anithlearning.appium.GeneralStoreTestcase4_hybrid" name="GeneralStoreTestcase3test" time="41.173"/>
</testsuite> <!-- anithlearning.appium.GeneralStoreTestcase4_hybrid -->
