<?xml version="1.0" encoding="UTF-8"?>
<!-- Generated by org.testng.reporters.JUnitReportReporter -->
<testsuite hostname="apples-MacBook-Pro.local" failures="0" tests="1" name="anithlearning.appium.AppiumBasics" time="8.240" errors="0" timestamp="2023-07-28T18:17:24 IST" skipped="0">
  <testcase classname="anithlearning.appium.AppiumBasics" name="WifiSettingsName" time="8.240"/>
</testsuite> <!-- anithlearning.appium.AppiumBasics -->
