<?xml version="1.0" encoding="UTF-8"?>
<!-- Generated by org.testng.reporters.JUnitReportReporter -->
<testsuite hostname="apples-MacBook-Pro.local" failures="0" tests="1" name="anithlearning.appium.ScrollDemo" time="6.952" errors="0" timestamp="2023-08-08T00:15:03 IST" skipped="0">
  <testcase classname="anithlearning.appium.ScrollDemo" name="ScrollDemoTest" time="6.952"/>
</testsuite> <!-- anithlearning.appium.ScrollDemo -->
