<?xml version="1.0" encoding="UTF-8"?>
<!-- Generated by org.testng.reporters.JUnitReportReporter -->
<testsuite hostname="apples-MacBook-Pro.local" failures="0" tests="1" name="anithlearning.appium.DragAndDrop" time="6.460" errors="0" timestamp="2023-08-05T00:19:17 IST" skipped="0">
  <testcase classname="anithlearning.appium.DragAndDrop" name="DragAndDropTest" time="6.460"/>
</testsuite> <!-- anithlearning.appium.DragAndDrop -->
