<?xml version="1.0" encoding="UTF-8"?>
<!-- Generated by org.testng.reporters.JUnitReportReporter -->
<testsuite hostname="apples-MacBook-Pro.local" failures="0" tests="1" name="anithlearning.appium.SwipeDemo2" time="7.210" errors="0" timestamp="2023-08-03T11:14:22 IST" skipped="0">
  <testcase classname="anithlearning.appium.SwipeDemo2" name="SwipeDemoTest" time="7.210"/>
</testsuite> <!-- anithlearning.appium.SwipeDemo2 -->
