<?xml version="1.0" encoding="UTF-8"?>
<!-- Generated by org.testng.reporters.JUnitReportReporter -->
<testsuite hostname="apples-MacBook-Pro.local" failures="0" tests="1" name="anithlearning.appium.PracticeWithLongMessage" time="12.154" errors="0" timestamp="2023-08-07T23:04:40 IST" skipped="0">
  <testcase classname="anithlearning.appium.PracticeWithLongMessage" name="PracticeWithLongMessageTest" time="12.154"/>
</testsuite> <!-- anithlearning.appium.PracticeWithLongMessage -->
