<?xml version="1.0" encoding="UTF-8"?>
<!-- Generated by org.testng.reporters.JUnitReportReporter -->
<testsuite hostname="apples-MacBook-Pro.local" failures="0" tests="1" name="anithlearning.appium.GeneralStoreTestcase2" time="23.217" errors="0" timestamp="2023-08-10T01:11:21 IST" skipped="0">
  <testcase classname="anithlearning.appium.GeneralStoreTestcase2" name="GeneralStoreTestcase2test" time="23.217"/>
</testsuite> <!-- anithlearning.appium.GeneralStoreTestcase2 -->
