<?xml version="1.0" encoding="UTF-8"?>
<!-- Generated by org.testng.reporters.JUnitReportReporter -->
<testsuite hostname="apples-MacBook-Pro.local" failures="0" tests="2" name="anithlearning.appium.maharah" time="36.735" errors="1" timestamp="2023-08-11T17:08:11 IST" skipped="1">
  <testcase classname="anithlearning.appium.maharah" name="maharahtest" time="0.001">
    <skipped/>
  </testcase> <!-- maharahtest -->
  <testcase classname="anithlearning.appium.maharah" name="ConfigureAppium" time="36.734">
    <error message="Could not start a new session. Response code 500. Message: An unknown server-side error occurred while processing the command. Original error: Cannot start the &#039;com.maharah.maharahApp.debug&#039; application. Consider checking the driver&#039;s troubleshooting documentation. Original error: &#039;com.maharah.maharahApp.ui.login.view.SplashActivity&#039; or &#039;com.maharah.maharahApp.debug.com.maharah.maharahApp.ui.login.view.SplashActivity&#039; never started. Consider checking the driver&#039;s troubleshooting documentation. 
Host info: host: &#039;apples-MacBook-Pro.local&#039;, ip: &#039;fe80:0:0:0:cc5:7989:7c8c:6a91%en0&#039;
Build info: version: &#039;4.11.0&#039;, revision: &#039;040bc5406b&#039;
System info: os.name: &#039;Mac OS X&#039;, os.arch: &#039;x86_64&#039;, os.version: &#039;13.4.1&#039;, java.version: &#039;20.0.2&#039;
Driver info: io.appium.java_client.android.AndroidDriver
Command: [null, newSession {capabilities=[{appium:deviceName=Demo2, platformName=ANDROID, appium:automationName=UIAutomator2, appium:app=//Users//apple//eclipse-workspace//appiumlearning//appium//src//test//java//Resources//Maharah.apk}], desiredCapabilities=Capabilities {appium:app: //Users//apple//eclipse-wor..., appium:automationName: UIAutomator2, appium:deviceName: Demo2, platformName: ANDROID}}]
Capabilities {appium:app: //Users//apple//eclipse-wor..., appium:automationName: UIAutomator2, appium:deviceName: Demo2, platformName: ANDROID}" type="org.openqa.selenium.SessionNotCreatedException">
      <![CDATA[org.openqa.selenium.SessionNotCreatedException: Could not start a new session. Response code 500. Message: An unknown server-side error occurred while processing the command. Original error: Cannot start the 'com.maharah.maharahApp.debug' application. Consider checking the driver's troubleshooting documentation. Original error: 'com.maharah.maharahApp.ui.login.view.SplashActivity' or 'com.maharah.maharahApp.debug.com.maharah.maharahApp.ui.login.view.SplashActivity' never started. Consider checking the driver's troubleshooting documentation. 
Host info: host: 'apples-MacBook-Pro.local', ip: 'fe80:0:0:0:cc5:7989:7c8c:6a91%en0'
Build info: version: '4.11.0', revision: '040bc5406b'
System info: os.name: 'Mac OS X', os.arch: 'x86_64', os.version: '13.4.1', java.version: '20.0.2'
Driver info: io.appium.java_client.android.AndroidDriver
Command: [null, newSession {capabilities=[{appium:deviceName=Demo2, platformName=ANDROID, appium:automationName=UIAutomator2, appium:app=//Users//apple//eclipse-workspace//appiumlearning//appium//src//test//java//Resources//Maharah.apk}], desiredCapabilities=Capabilities {appium:app: //Users//apple//eclipse-wor..., appium:automationName: UIAutomator2, appium:deviceName: Demo2, platformName: ANDROID}}]
Capabilities {appium:app: //Users//apple//eclipse-wor..., appium:automationName: UIAutomator2, appium:deviceName: Demo2, platformName: ANDROID}
at org.openqa.selenium.remote.ProtocolHandshake.createSession(ProtocolHandshake.java:140)
at java.base/jdk.internal.reflect.DirectMethodHandleAccessor.invoke(DirectMethodHandleAccessor.java:104)
at java.base/java.lang.reflect.Method.invoke(Method.java:578)
at io.appium.java_client.remote.AppiumProtocolHandshake.createSession(AppiumProtocolHandshake.java:133)
at io.appium.java_client.remote.AppiumProtocolHandshake.createSession(AppiumProtocolHandshake.java:102)
at io.appium.java_client.remote.AppiumCommandExecutor.createSession(AppiumCommandExecutor.java:182)
at io.appium.java_client.remote.AppiumCommandExecutor.execute(AppiumCommandExecutor.java:250)
at org.openqa.selenium.remote.RemoteWebDriver.execute(RemoteWebDriver.java:518)
at io.appium.java_client.AppiumDriver.startSession(AppiumDriver.java:274)
at org.openqa.selenium.remote.RemoteWebDriver.<init>(RemoteWebDriver.java:159)
at io.appium.java_client.AppiumDriver.<init>(AppiumDriver.java:89)
at io.appium.java_client.AppiumDriver.<init>(AppiumDriver.java:101)
at io.appium.java_client.android.AndroidDriver.<init>(AndroidDriver.java:113)
at anithlearning.appium.BaseTest.ConfigureAppium(BaseTest.java:44)
at java.base/jdk.internal.reflect.DirectMethodHandleAccessor.invoke(DirectMethodHandleAccessor.java:104)
at java.base/java.lang.reflect.Method.invoke(Method.java:578)
at org.testng.internal.invokers.MethodInvocationHelper.invokeMethod(MethodInvocationHelper.java:139)
at org.testng.internal.invokers.MethodInvocationHelper.invokeMethodConsideringTimeout(MethodInvocationHelper.java:69)
at org.testng.internal.invokers.ConfigInvoker.invokeConfigurationMethod(ConfigInvoker.java:390)
at org.testng.internal.invokers.ConfigInvoker.invokeConfigurations(ConfigInvoker.java:325)
at org.testng.internal.invokers.TestMethodWorker.invokeBeforeClassMethods(TestMethodWorker.java:180)
at org.testng.internal.invokers.TestMethodWorker.run(TestMethodWorker.java:122)
at java.base/java.util.ArrayList.forEach(ArrayList.java:1511)
at org.testng.TestRunner.privateRun(TestRunner.java:848)
at org.testng.TestRunner.run(TestRunner.java:621)
at org.testng.SuiteRunner.runTest(SuiteRunner.java:443)
at org.testng.SuiteRunner.runSequentially(SuiteRunner.java:437)
at org.testng.SuiteRunner.privateRun(SuiteRunner.java:397)
at org.testng.SuiteRunner.run(SuiteRunner.java:336)
at org.testng.SuiteRunnerWorker.runSuite(SuiteRunnerWorker.java:52)
at org.testng.SuiteRunnerWorker.run(SuiteRunnerWorker.java:95)
at org.testng.TestNG.runSuitesSequentially(TestNG.java:1280)
at org.testng.TestNG.runSuitesLocally(TestNG.java:1200)
at org.testng.TestNG.runSuites(TestNG.java:1114)
at org.testng.TestNG.run(TestNG.java:1082)
at org.testng.remote.AbstractRemoteTestNG.run(AbstractRemoteTestNG.java:115)
at org.testng.remote.RemoteTestNG.initAndRun(RemoteTestNG.java:251)
at org.testng.remote.RemoteTestNG.main(RemoteTestNG.java:77)
]]>
    </error>
  </testcase> <!-- ConfigureAppium -->
</testsuite> <!-- anithlearning.appium.maharah -->
