<?xml version="1.0" encoding="UTF-8"?>
<!-- Generated by org.testng.reporters.JUnitReportReporter -->
<testsuite hostname="apples-MacBook-Pro.local" failures="0" tests="1" name="anithlearning.appium.GeneralStoreTestcase1" time="11.132" errors="0" timestamp="2023-08-09T14:37:23 IST" skipped="0">
  <testcase classname="anithlearning.appium.GeneralStoreTestcase1" name="GeneralStoreTestcase1test" time="11.132"/>
</testsuite> <!-- anithlearning.appium.GeneralStoreTestcase1 -->
