<?xml version="1.0" encoding="UTF-8"?>
<!-- Generated by org.testng.reporters.JUnitReportReporter -->
<testsuite hostname="apples-MacBook-Pro.local" failures="0" tests="1" name="anithlearning.appium.AssignmentFullPractice" time="5.583" errors="0" timestamp="2023-08-07T22:01:09 IST" skipped="0">
  <testcase classname="anithlearning.appium.AssignmentFullPractice" name="AssignmentFullPracticeTest" time="5.583"/>
</testsuite> <!-- anithlearning.appium.AssignmentFullPractice -->
