<?xml version="1.0" encoding="UTF-8"?>
<!-- Generated by org.testng.reporters.JUnitReportReporter -->
<testsuite hostname="apples-MacBook-Pro.local" failures="0" tests="1" name="anithlearning.appium.LongPress" time="9.923" errors="0" timestamp="2023-08-03T00:04:22 IST" skipped="0">
  <testcase classname="anithlearning.appium.LongPress" name="LongPressGesture" time="9.923"/>
</testsuite> <!-- anithlearning.appium.LongPress -->
