<?xml version="1.0" encoding="UTF-8"?>
<!-- Generated by org.testng.reporters.JUnitReportReporter -->
<testsuite hostname="apples-MacBook-Pro.local" failures="0" tests="1" name="anithlearning.appium.PracticeWithLongScrollableMessage" time="16.329" errors="0" timestamp="2023-08-08T00:18:53 IST" skipped="0">
  <testcase classname="anithlearning.appium.PracticeWithLongScrollableMessage" name="PracticeWithLongScrollableMessagetest" time="16.329"/>
</testsuite> <!-- anithlearning.appium.PracticeWithLongScrollableMessage -->
